{
  "stats": {
    "suites": 1,
    "tests": 8,
    "passes": 8,
    "pending": 0,
    "failures": 0,
    "start": "2022-01-28T23:40:15.028Z",
    "end": "2022-01-28T23:40:19.453Z",
    "duration": 4425,
    "testsRegistered": 8,
    "passPercent": 100,
    "pendingPercent": 0,
    "other": 0,
    "hasOther": false,
    "skipped": 0,
    "hasSkipped": false
  },
  "results": [
    {
      "uuid": "0a99d000-828f-4c14-82da-a2cc88a2426b",
      "title": "",
      "fullFile": "cypress/integration/Aviyl/api.js",
      "file": "cypress/integration/Aviyl/api.js",
      "beforeHooks": [],
      "afterHooks": [],
      "tests": [],
      "suites": [
        {
          "uuid": "b7123955-c153-4791-aad8-4d99303d89b3",
          "title": "Testing API Endpoints Using Cypress",
          "fullFile": "",
          "file": "",
          "beforeHooks": [],
          "afterHooks": [],
          "tests": [
            {
              "title": "Test GET Request",
              "fullTitle": "Testing API Endpoints Using Cypress Test GET Request",
              "timedOut": null,
              "duration": 1713,
              "state": "passed",
              "speed": "fast",
              "pass": true,
              "fail": false,
              "pending": false,
              "context": null,
              "code": "cy.request('https://restful-booker.herokuapp.com/booking').then(response => {\n  expect(response.status).to.eq(200);\n  expect(response.body[0]).to.have.all.keys('bookingid');\n  id = response.body[0]['bookingid'];\n});",
              "err": {},
              "uuid": "0ec46b94-e455-4057-8823-f428e1af8037",
              "parentUUID": "b7123955-c153-4791-aad8-4d99303d89b3",
              "isHook": false,
              "skipped": false
            },
            {
              "title": "Test GET Request",
              "fullTitle": "Testing API Endpoints Using Cypress Test GET Request",
              "timedOut": null,
              "duration": 361,
              "state": "passed",
              "speed": "fast",
              "pass": true,
              "fail": false,
              "pending": false,
              "context": null,
              "code": "cy.request(`https://restful-booker.herokuapp.com/booking/${id}`).then(response => {\n  expect(response.status).to.eq(200);\n  expect(response.body).to.have.all.keys('firstname', 'lastname', 'totalprice', 'depositpaid', 'bookingdates', 'additionalneeds');\n  res = response.body;\n});",
              "err": {},
              "uuid": "1d402ec5-6883-4427-a248-3e34f25390e8",
              "parentUUID": "b7123955-c153-4791-aad8-4d99303d89b3",
              "isHook": false,
              "skipped": false
            },
            {
              "title": "Test POST Request",
              "fullTitle": "Testing API Endpoints Using Cypress Test POST Request",
              "timedOut": null,
              "duration": 387,
              "state": "passed",
              "speed": "fast",
              "pass": true,
              "fail": false,
              "pending": false,
              "context": null,
              "code": "cy.request({\n  method: 'POST',\n  url: 'https://restful-booker.herokuapp.com/booking',\n  headers: {\n    contenttype: 'application / json'\n  },\n  body: {\n    \"firstname\": FIRST_NAME,\n    \"lastname\": LAST_NAME,\n    \"totalprice\": TOTAL_PRICE,\n    \"depositpaid\": DEPOSIT_PAID,\n    \"bookingdates\": BOOKING_DATES,\n    \"additionalneeds\": ADDITIONAL_NEEDS\n  }\n}).then(response => {\n  expect(response.status).to.eq(200);\n  expect(response.body).has.property(\"bookingid\");\n  expect(response.body).has.property(\"booking\");\n  expect(response.body.booking).has.property(\"firstname\", FIRST_NAME);\n  expect(response.body.booking).has.property(\"lastname\", LAST_NAME);\n  expect(response.body.booking).has.property(\"totalprice\", TOTAL_PRICE);\n  expect(response.body.booking).has.property(\"depositpaid\", DEPOSIT_PAID);\n  expect(response.body.booking.bookingdates).has.property(\"checkin\", BOOKING_DATES['checkin']);\n  expect(response.body.booking.bookingdates).has.property(\"checkout\", BOOKING_DATES['checkout']);\n  expect(response.body.booking).has.property(\"additionalneeds\", ADDITIONAL_NEEDS);\n});",
              "err": {},
              "uuid": "b85f84d3-4546-45f5-bfae-0ae92fbbff89",
              "parentUUID": "b7123955-c153-4791-aad8-4d99303d89b3",
              "isHook": false,
              "skipped": false
            },
            {
              "title": "Test FAILED POST Request",
              "fullTitle": "Testing API Endpoints Using Cypress Test FAILED POST Request",
              "timedOut": null,
              "duration": 346,
              "state": "passed",
              "speed": "fast",
              "pass": true,
              "fail": false,
              "pending": false,
              "context": null,
              "code": "cy.request({\n  method: 'POST',\n  url: 'https://restful-booker.herokuapp.com/booking',\n  headers: {\n    contenttype: 'application / json'\n  },\n  body: {\n    \"firstname\": FIRST_NAME,\n    \"lastname\": LAST_NAME,\n    \"totalprice\": TOTAL_PRICE,\n    \"depositpaid\": DEPOSIT_PAID,\n    \"bookingdates\": FALSE_BOOKING_DATES,\n    \"additionalneeds\": ADDITIONAL_NEEDS\n  }\n}).then(response => {\n  expect(response.status).to.eq(200);\n  expect(response.body).not.has.property(\"bookingdates\");\n});",
              "err": {},
              "uuid": "8bbc551e-63e9-4d69-b390-24eed07a04e8",
              "parentUUID": "b7123955-c153-4791-aad8-4d99303d89b3",
              "isHook": false,
              "skipped": false
            },
            {
              "title": "Test FAILED POST Request 2",
              "fullTitle": "Testing API Endpoints Using Cypress Test FAILED POST Request 2",
              "timedOut": null,
              "duration": 338,
              "state": "passed",
              "speed": "fast",
              "pass": true,
              "fail": false,
              "pending": false,
              "context": null,
              "code": "cy.request({\n  method: 'POST',\n  url: 'https://restful-booker.herokuapp.com/booking',\n  headers: {\n    contenttype: 'application / json'\n  },\n  body: {\n    \"firstname\": FIRST_NAME,\n    \"lastname\": LAST_NAME,\n    \"totalprice\": TOTAL_PRICE,\n    \"depositpaid\": DEPOSIT_PAID,\n    \"bookingdates\": BAD_BOOKING_DATES,\n    \"additionalneeds\": ADDITIONAL_NEEDS\n  }\n}).then(response => {\n  expect(response.status).to.eq(200);\n  expect(response.body).not.has.property(\"bookingdates\");\n});",
              "err": {},
              "uuid": "c9b2b9d7-c6f1-428b-9dbe-ab3901869abc",
              "parentUUID": "b7123955-c153-4791-aad8-4d99303d89b3",
              "isHook": false,
              "skipped": false
            },
            {
              "title": "Test PUT Request",
              "fullTitle": "Testing API Endpoints Using Cypress Test PUT Request",
              "timedOut": null,
              "duration": 405,
              "state": "passed",
              "speed": "fast",
              "pass": true,
              "fail": false,
              "pending": false,
              "context": null,
              "code": "res['firstname'] = \"piyush\";\ncy.request({\n  method: 'PUT',\n  url: `https://restful-booker.herokuapp.com/booking/${id}`,\n  headers: {\n    contenttype: 'application / json',\n    accept: 'application/json',\n    authorization: 'Basic YWRtaW46cGFzc3dvcmQxMjM='\n  },\n  body: res\n}).then(response => {\n  expect(response.status).to.eq(200);\n  expect(response.body).has.property(\"firstname\", res.firstname);\n  expect(response.body).has.property(\"lastname\", res.lastname);\n  expect(response.body).has.property(\"totalprice\", res.totalprice);\n  expect(response.body).has.property(\"depositpaid\", res.depositpaid);\n  expect(response.body.bookingdates).has.property(\"checkin\", res.bookingdates.checkin);\n  expect(response.body.bookingdates).has.property(\"checkout\", res.bookingdates.checkout);\n  expect(response.body).has.property(\"additionalneeds\", res.additionalneeds);\n});",
              "err": {},
              "uuid": "2280b38b-82af-4b61-ba28-026082004512",
              "parentUUID": "b7123955-c153-4791-aad8-4d99303d89b3",
              "isHook": false,
              "skipped": false
            },
            {
              "title": "Test PATCH Request",
              "fullTitle": "Testing API Endpoints Using Cypress Test PATCH Request",
              "timedOut": null,
              "duration": 395,
              "state": "passed",
              "speed": "fast",
              "pass": true,
              "fail": false,
              "pending": false,
              "context": null,
              "code": "cy.request({\n  method: 'PATCH',\n  url: `https://restful-booker.herokuapp.com/booking/${id}`,\n  headers: {\n    contenttype: 'application / json',\n    accept: 'application/json',\n    authorization: 'Basic YWRtaW46cGFzc3dvcmQxMjM='\n  },\n  body: {\n    \"lastname\": \"Green\"\n  }\n}).then(response => {\n  expect(response.status).to.eq(200);\n  expect(response.body).has.property(\"firstname\", res.firstname);\n  expect(response.body).has.property(\"lastname\", \"Green\");\n  expect(response.body).has.property(\"totalprice\", res.totalprice);\n  expect(response.body).has.property(\"depositpaid\", res.depositpaid);\n  expect(response.body.bookingdates).has.property(\"checkin\", res.bookingdates.checkin);\n  expect(response.body.bookingdates).has.property(\"checkout\", res.bookingdates.checkout);\n  expect(response.body).has.property(\"additionalneeds\", res.additionalneeds);\n});",
              "err": {},
              "uuid": "dc29976b-897f-4cee-8b09-1ed6bee684ed",
              "parentUUID": "b7123955-c153-4791-aad8-4d99303d89b3",
              "isHook": false,
              "skipped": false
            },
            {
              "title": "Test DELETE Request",
              "fullTitle": "Testing API Endpoints Using Cypress Test DELETE Request",
              "timedOut": null,
              "duration": 356,
              "state": "passed",
              "speed": "fast",
              "pass": true,
              "fail": false,
              "pending": false,
              "context": null,
              "code": "cy.request({\n  method: 'DELETE',\n  url: `https://restful-booker.herokuapp.com/booking/${id}`,\n  headers: {\n    authorization: 'Basic YWRtaW46cGFzc3dvcmQxMjM='\n  }\n}).then(response => {\n  expect(response.status).to.eq(201);\n});",
              "err": {},
              "uuid": "c56ff3a1-7b31-4640-a017-d751ca569623",
              "parentUUID": "b7123955-c153-4791-aad8-4d99303d89b3",
              "isHook": false,
              "skipped": false
            }
          ],
          "suites": [],
          "passes": [
            "0ec46b94-e455-4057-8823-f428e1af8037",
            "1d402ec5-6883-4427-a248-3e34f25390e8",
            "b85f84d3-4546-45f5-bfae-0ae92fbbff89",
            "8bbc551e-63e9-4d69-b390-24eed07a04e8",
            "c9b2b9d7-c6f1-428b-9dbe-ab3901869abc",
            "2280b38b-82af-4b61-ba28-026082004512",
            "dc29976b-897f-4cee-8b09-1ed6bee684ed",
            "c56ff3a1-7b31-4640-a017-d751ca569623"
          ],
          "failures": [],
          "pending": [],
          "skipped": [],
          "duration": 4301,
          "root": false,
          "rootEmpty": false,
          "_timeout": 2000
        }
      ],
      "passes": [],
      "failures": [],
      "pending": [],
      "skipped": [],
      "duration": 0,
      "root": true,
      "rootEmpty": true,
      "_timeout": 2000
    }
  ],
  "meta": {
    "mocha": {
      "version": "7.0.1"
    },
    "mochawesome": {
      "options": {
        "quiet": false,
        "reportFilename": "mochawesome",
        "saveHtml": false,
        "saveJson": true,
        "consoleReporter": "spec",
        "useInlineDiffs": false,
        "code": true
      },
      "version": "7.0.1"
    },
    "marge": {
      "options": {
        "overwrite": false,
        "html": false,
        "json": true
      },
      "version": "6.0.1"
    }
  }
}